<?xml version="1.0" encoding="UTF-8"?>
<!-- Generated by org.testng.reporters.JUnitReportReporter -->
<testsuite hostname="PUNamandhare1DLVCG.local" failures="0" tests="1" name="Academy.FrameworkE2EFlow.AppTest" time="0.007" errors="0" timestamp="2020-07-15T14:40:25 IST" skipped="0">
  <testcase classname="Academy.FrameworkE2EFlow.AppTest" name="shouldAnswerWithTrue" time="0.007"/>
  <system-out/>
</testsuite> <!-- Academy.FrameworkE2EFlow.AppTest -->
