<?xml version="1.0" encoding="UTF-8"?>
<!-- Generated by org.testng.reporters.JUnitReportReporter -->
<testsuite hostname="PUNamandhare1DLVCG.local" failures="0" tests="1" name="Academy.FrameworkE2EFlow.AppTest" time="0.006" errors="0" timestamp="2020-07-16T10:13:57 IST" skipped="0">
  <testcase classname="Academy.FrameworkE2EFlow.AppTest" name="shouldAnswerWithTrue" time="0.006"/>
  <system-out/>
</testsuite> <!-- Academy.FrameworkE2EFlow.AppTest -->
